
=== Server started at 2025-03-14 17:32:44 ===
[2025-03-14 17:32:59] Mochi joined the chat
[2025-03-14 17:33:06] P1 joined the chat
[2025-03-14 17:33:26] P2 joined the chat
[2025-03-14 17:33:49] P1 sent: Hi
[2025-03-14 17:33:53] P1 sent: Hello Pandas
[2025-03-14 17:33:56] P2 sent: Hi
[2025-03-14 17:34:03] Mochi sent: Hello World
[2025-03-14 17:34:04] Mochi sent: ldskafjdsl
[2025-03-14 17:34:05] Mochi sent: dslkafdsj 
[2025-03-14 17:34:05] Mochi sent: dslkfajds
[2025-03-14 17:34:11] Mochi sent: @grove
[2025-03-14 17:34:16] P2 sent: @leaves
[2025-03-14 17:34:16] P2 left the chat
[2025-03-14 17:34:20] P1 sent: @grove
[2025-03-14 17:34:22] P3 joined the chat
[2025-03-14 17:34:24] P3 sent: @groves
[2025-03-14 17:34:27] P3 sent: @grove
[2025-03-14 17:34:31] P3 sent: @bamboo
[2025-03-14 17:34:35] Mochi sent: @bamboo
[2025-03-14 17:34:41] P3 sent: @bonus hey
[2025-03-14 17:34:46] P3 sent: @leaves
[2025-03-14 17:34:46] P3 left the chat
[2025-03-14 17:34:54] P1 sent: @grove
[2025-03-14 17:35:03] P1 sent: @bonus swag
[2025-03-14 17:35:11] P1 sent: @bonus thanks
[2025-03-14 17:35:15] P1 sent: @leaves
[2025-03-14 17:35:15] P1 left the chat
[2025-03-14 17:35:27] p2 joined the chat
[2025-03-14 17:35:30] p2 sent: clear
[2025-03-14 17:35:31] p2 sent: how
[2025-03-14 17:35:35] p2 sent: @bonus hey
[2025-03-14 17:35:51] p2 sent: @leaves
[2025-03-14 17:35:51] p2 left the chat
[2025-03-14 17:35:59] Mochi sent: @grove
[2025-03-14 17:36:02] Mochi sent: @leaves
[2025-03-14 17:36:02] Mochi left the chat
